Build started 11.6.2015. 14:24:23.
     1>Project "D:\Documents\VisualStudio\labosi RV\3 - Kamra Kalibracija\labosi\labosi\labosi.vcxproj" on node 2 (Build target(s)).
     1>C:\Program Files (x86)\MSBuild\Microsoft.Cpp\v4.0\V120\Microsoft.CppBuild.targets(388,5): warning MSB8028: The intermediate directory (Debug\) contains files shared from another project (labosi.vcxproj).  This can lead to incorrect clean and rebuild behavior.
     1>ClCompile:
         D:\Program Files (x86)\Microsoft Visual Studio 12.0\VC\bin\CL.exe /c /I"D:\Documents\VisualStudio\labosi RV\3 - Kamra Kalibracija\labosi\labosi\\include" /ZI /nologo /W3 /WX- /sdl /Od /Oy- /D WIN32 /D _DEBUG /D _CONSOLE /D _LIB /D _UNICODE /D UNICODE /Gm /EHsc /RTC1 /MDd /GS /fp:precise /Zc:wchar_t /Zc:forScope /Yu"stdafx.h" /Fp"Debug\labosiLV2.pch" /Fo"Debug\\" /Fd"Debug\vc120.pdb" /Gd /TP /analyze- /errorReport:prompt labosi.cpp
         labosi.cpp
     1>d:\documents\visualstudio\labosi rv\3 - kamra kalibracija\labosi\labosi\labosi.cpp(48): warning C4244: 'argument' : conversion from 'int' to 'float', possible loss of data
     1>d:\documents\visualstudio\labosi rv\3 - kamra kalibracija\labosi\labosi\labosi.cpp(57): warning C4018: '<' : signed/unsigned mismatch
     1>d:\documents\visualstudio\labosi rv\3 - kamra kalibracija\labosi\labosi\labosi.cpp(135): warning C4244: 'argument' : conversion from 'double' to 'int', possible loss of data
     1>d:\documents\visualstudio\labosi rv\3 - kamra kalibracija\labosi\labosi\labosi.cpp(213): warning C4244: 'argument' : conversion from 'double' to 'int', possible loss of data
     1>d:\documents\visualstudio\labosi rv\3 - kamra kalibracija\labosi\labosi\labosi.cpp(214): warning C4244: 'argument' : conversion from 'double' to 'int', possible loss of data
     1>d:\documents\visualstudio\labosi rv\3 - kamra kalibracija\labosi\labosi\labosi.cpp(219): warning C4018: '<' : signed/unsigned mismatch
     1>d:\documents\visualstudio\labosi rv\3 - kamra kalibracija\labosi\labosi\labosi.cpp(233): warning C4244: 'argument' : conversion from 'double' to 'int', possible loss of data
     1>d:\documents\visualstudio\labosi rv\3 - kamra kalibracija\labosi\labosi\labosi.cpp(234): warning C4244: 'argument' : conversion from 'double' to 'int', possible loss of data
       Link:
         D:\Program Files (x86)\Microsoft Visual Studio 12.0\VC\bin\link.exe /ERRORREPORT:PROMPT /OUT:"D:\Documents\VisualStudio\labosi RV\3 - Kamra Kalibracija\labosi\Debug\labosiLV2.exe" /INCREMENTAL /NOLOGO /LIBPATH:"D:\Documents\VisualStudio\labosi RV\3 - Kamra Kalibracija\labosi\labosi\\lib" opencv_calib3d2410d.lib opencv_contrib2410d.lib opencv_core2410d.lib opencv_features2d2410d.lib opencv_flann2410d.lib opencv_gpu2410d.lib opencv_highgui2410d.lib opencv_imgproc2410d.lib opencv_legacy2410d.lib opencv_ml2410d.lib opencv_nonfree2410d.lib opencv_objdetect2410d.lib opencv_photo2410d.lib opencv_stitching2410d.lib opencv_ts2410d.lib opencv_video2410d.lib opencv_videostab2410d.lib kernel32.lib user32.lib gdi32.lib winspool.lib comdlg32.lib advapi32.lib shell32.lib ole32.lib oleaut32.lib uuid.lib odbc32.lib odbccp32.lib /MANIFEST /MANIFESTUAC:"level='asInvoker' uiAccess='false'" /manifest:embed /DEBUG /PDB:"D:\Documents\VisualStudio\labosi RV\3 - Kamra Kalibracija\labosi\Debug\labosiLV2.pdb" /SUBSYSTEM:CONSOLE /TLBID:1 /DYNAMICBASE /NXCOMPAT /IMPLIB:"D:\Documents\VisualStudio\labosi RV\3 - Kamra Kalibracija\labosi\Debug\labosiLV2.lib" /MACHINE:X86 Debug\labosi.obj
         Debug\stdafx.obj
         labosi.vcxproj -> D:\Documents\VisualStudio\labosi RV\3 - Kamra Kalibracija\labosi\Debug\labosiLV2.exe
     1>Done Building Project "D:\Documents\VisualStudio\labosi RV\3 - Kamra Kalibracija\labosi\labosi\labosi.vcxproj" (Build target(s)).

Build succeeded.

Time Elapsed 00:00:02.27
